#
# There is insufficient memory for the Java Runtime Environment to continue.
# Native memory allocation (malloc) failed to allocate 1872016 bytes for Chunk::new
# Possible reasons:
#   The system is out of physical RAM or swap space
#   The process is running with CompressedOops enabled, and the Java Heap may be blocking the growth of the native heap
# Possible solutions:
#   Reduce memory load on the system
#   Increase physical memory or swap space
#   Check if swap backing store is full
#   Decrease Java heap size (-Xmx/-Xms)
#   Decrease number of Java threads
#   Decrease Java thread stack sizes (-Xss)
#   Set larger code cache with -XX:ReservedCodeCacheSize=
#   JVM is running with Unscaled Compressed Oops mode in which the Java heap is
#     placed in the first 4GB address space. The Java Heap base address is the
#     maximum limit for the native heap growth. Please use -XX:HeapBaseMinAddress
#     to set the Java Heap base and to place the Java Heap above 4GB virtual address.
# This output file may be truncated or incomplete.
#
#  Out of Memory Error (arena.cpp:189), pid=12332, tid=8416
#
# JRE version: Java(TM) SE Runtime Environment (17.0.12+8) (build 17.0.12+8-LTS-286)
# Java VM: Java HotSpot(TM) 64-Bit Server VM (17.0.12+8-LTS-286, mixed mode, sharing, tiered, compressed oops, compressed class ptrs, g1 gc, windows-amd64)
# No core dump will be written. Minidumps are not enabled by default on client versions of Windows
#

---------------  S U M M A R Y ------------

Command Line: -Dapplication.home=C:\Program Files\Java\jdk-17 --add-modules=ALL-DEFAULT -Xms8m -Djdk.module.main=jdk.jlink jdk.jlink/jdk.tools.jlink.internal.Main --module-path C:\Users\EWAN PC\.gradle\caches\8.11.1\transforms\037cd0f4269a1ed031357d3da0406fe2-6827b272-2194-4f25-84c2-61d6bfe4a845\transformed\output\temp\jmod --add-modules java.base --output C:\Users\EWAN PC\.gradle\caches\8.11.1\transforms\037cd0f4269a1ed031357d3da0406fe2-6827b272-2194-4f25-84c2-61d6bfe4a845\transformed\output\jdkImage --disable-plugin system-modules

Host: 11th Gen Intel(R) Core(TM) i5-1135G7 @ 2.40GHz, 8 cores, 7G,  Windows 11 , 64 bit Build 26100 (10.0.26100.3037)
Time: Sun May 18 10:16:52 2025 Sri Lanka Standard Time elapsed time: 3.517687 seconds (0d 0h 0m 3s)

---------------  T H R E A D  ---------------

Current thread (0x0000013c9adb61f0):  JavaThread "C2 CompilerThread1" daemon [_thread_in_native, id=8416, stack(0x0000000101d00000,0x0000000101e00000)]


Current CompileTask:
C2:   3518 1006       4       java.lang.invoke.MethodType::makeImpl (109 bytes)

Stack: [0x0000000101d00000,0x0000000101e00000]
Native frames: (J=compiled Java code, j=interpreted, Vv=VM code, C=native code)
V  [jvm.dll+0x67a04a]
V  [jvm.dll+0x7da4ed]
V  [jvm.dll+0x7dbe33]
V  [jvm.dll+0x7dc4a3]
V  [jvm.dll+0x24508f]
V  [jvm.dll+0xab773]
V  [jvm.dll+0xabd3c]
V  [jvm.dll+0x361b9f]
V  [jvm.dll+0x32c431]
V  [jvm.dll+0x32b8ca]
V  [jvm.dll+0x21683f]
V  [jvm.dll+0x215c6f]
V  [jvm.dll+0x1a2960]
V  [jvm.dll+0x22610b]
V  [jvm.dll+0x2242ab]
V  [jvm.dll+0x79075c]
V  [jvm.dll+0x78abea]
V  [jvm.dll+0x678f35]
C  [ucrtbase.dll+0x37b0]
C  [KERNEL32.DLL+0x2e8d7]
C  [ntdll.dll+0xbbf2c]


---------------  P R O C E S S  ---------------

Threads class SMR info:
_java_thread_list=0x0000013c9adbf930, length=13, elements={
0x0000013cfbcbf000, 0x0000013cfbd8c500, 0x0000013cfbd8e040, 0x0000013c9a82cb70,
0x0000013c9a82d440, 0x0000013c9a82de00, 0x0000013c9a82e7c0, 0x0000013c9a82f560,
0x0000013c9a831ae0, 0x0000013c9a866b50, 0x0000013c9aa20090, 0x0000013c9aab82a0,
0x0000013c9adb61f0
}

Java Threads: ( => current thread )
  0x0000013cfbcbf000 JavaThread "main" [_thread_in_Java, id=13132, stack(0x0000000100600000,0x0000000100700000)]
  0x0000013cfbd8c500 JavaThread "Reference Handler" daemon [_thread_blocked, id=1592, stack(0x0000000100d00000,0x0000000100e00000)]
  0x0000013cfbd8e040 JavaThread "Finalizer" daemon [_thread_blocked, id=12176, stack(0x0000000100e00000,0x0000000100f00000)]
  0x0000013c9a82cb70 JavaThread "Signal Dispatcher" daemon [_thread_blocked, id=9128, stack(0x0000000100f00000,0x0000000101000000)]
  0x0000013c9a82d440 JavaThread "Attach Listener" daemon [_thread_blocked, id=7632, stack(0x0000000101000000,0x0000000101100000)]
  0x0000013c9a82de00 JavaThread "Service Thread" daemon [_thread_blocked, id=4936, stack(0x0000000101100000,0x0000000101200000)]
  0x0000013c9a82e7c0 JavaThread "Monitor Deflation Thread" daemon [_thread_blocked, id=12508, stack(0x0000000101200000,0x0000000101300000)]
  0x0000013c9a82f560 JavaThread "C2 CompilerThread0" daemon [_thread_in_native, id=10952, stack(0x0000000101300000,0x0000000101400000)]
  0x0000013c9a831ae0 JavaThread "C1 CompilerThread0" daemon [_thread_in_vm, id=9560, stack(0x0000000101400000,0x0000000101500000)]
  0x0000013c9a866b50 JavaThread "Sweeper thread" daemon [_thread_blocked, id=4048, stack(0x0000000101500000,0x0000000101600000)]
  0x0000013c9aa20090 JavaThread "Common-Cleaner" daemon [_thread_blocked, id=11676, stack(0x0000000101600000,0x0000000101700000)]
  0x0000013c9aab82a0 JavaThread "Notification Thread" daemon [_thread_blocked, id=3312, stack(0x0000000101700000,0x0000000101800000)]
=>0x0000013c9adb61f0 JavaThread "C2 CompilerThread1" daemon [_thread_in_native, id=8416, stack(0x0000000101d00000,0x0000000101e00000)]

Other Threads:
  0x0000013cfbd83830 VMThread "VM Thread" [stack: 0x0000000100c00000,0x0000000100d00000] [id=1484]
  0x0000013c9ab31e70 WatcherThread [stack: 0x0000000101800000,0x0000000101900000] [id=8972]
  0x0000013cfbd18470 GCTaskThread "GC Thread#0" [stack: 0x0000000100700000,0x0000000100800000] [id=5656]
  0x0000013c9aba3c50 GCTaskThread "GC Thread#1" [stack: 0x0000000101900000,0x0000000101a00000] [id=13200]
  0x0000013c9abe10a0 GCTaskThread "GC Thread#2" [stack: 0x0000000101a00000,0x0000000101b00000] [id=8208]
  0x0000013c9abe1360 GCTaskThread "GC Thread#3" [stack: 0x0000000101b00000,0x0000000101c00000] [id=10472]
  0x0000013c9ad0eb50 GCTaskThread "GC Thread#4" [stack: 0x0000000101c00000,0x0000000101d00000] [id=5884]
  0x0000013cfbd28a40 ConcurrentGCThread "G1 Main Marker" [stack: 0x0000000100800000,0x0000000100900000] [id=2680]
  0x0000013cfbd2a460 ConcurrentGCThread "G1 Conc#0" [stack: 0x0000000100900000,0x0000000100a00000] [id=14532]
  0x0000013cfbd56460 ConcurrentGCThread "G1 Refine#0" [stack: 0x0000000100a00000,0x0000000100b00000] [id=10072]
  0x0000013cfbd56e90 ConcurrentGCThread "G1 Service" [stack: 0x0000000100b00000,0x0000000100c00000] [id=15192]

Threads with active compile tasks:
C2 CompilerThread0     4577  963       4       jdk.internal.org.objectweb.asm.Frame::execute (2305 bytes)
C1 CompilerThread0     4577 1161       2       java.util.regex.Pattern::expr (142 bytes)
C2 CompilerThread1     4577 1006       4       java.lang.invoke.MethodType::makeImpl (109 bytes)

VM state: not at safepoint (normal execution)

VM Mutex/Monitor currently owned by a thread: None

Heap address: 0x0000000084c00000, size: 1972 MB, Compressed Oops mode: 32-bit

CDS archive(s) mapped at: [0x0000013c9b000000-0x0000013c9bbd0000-0x0000013c9bbd0000), size 12386304, SharedBaseAddress: 0x0000013c9b000000, ArchiveRelocationMode: 1.
Compressed class space mapped at: 0x0000013c9c000000-0x0000013cdc000000, reserved size: 1073741824
Narrow klass base: 0x0000013c9b000000, Narrow klass shift: 0, Narrow klass range: 0x100000000

GC Precious Log:
 CPUs: 8 total, 8 available
 Memory: 7882M
 Large Page Support: Disabled
 NUMA Support: Disabled
 Compressed Oops: Enabled (32-bit)
 Heap Region Size: 1M
 Heap Min Capacity: 8M
 Heap Initial Capacity: 8M
 Heap Max Capacity: 1972M
 Pre-touch: Disabled
 Parallel Workers: 8
 Concurrent Workers: 2
 Concurrent Refinement Workers: 8
 Periodic GC: Disabled

Heap:
 garbage-first heap   total 11264K, used 4914K [0x0000000084c00000, 0x0000000100000000)
  region size 1024K, 3 young (3072K), 1 survivors (1024K)
 Metaspace       used 2810K, committed 3072K, reserved 1114112K
  class space    used 315K, committed 448K, reserved 1048576K

Heap Regions: E=young(eden), S=young(survivor), O=old, HS=humongous(starts), HC=humongous(continues), CS=collection set, F=free, OA=open archive, CA=closed archive, TAMS=top-at-mark-start (previous, next)
|   0|0x0000000084c00000, 0x0000000084d00000, 0x0000000084d00000|100%| O|  |TAMS 0x0000000084c00000, 0x0000000084c00000| Untracked 
|   1|0x0000000084d00000, 0x0000000084e00000, 0x0000000084e00000|100%| O|  |TAMS 0x0000000084d00000, 0x0000000084d00000| Untracked 
|   2|0x0000000084e00000, 0x0000000084ecc800, 0x0000000084f00000| 79%| O|  |TAMS 0x0000000084e00000, 0x0000000084e00000| Untracked 
|   3|0x0000000084f00000, 0x0000000084f00000, 0x0000000085000000|  0%| F|  |TAMS 0x0000000084f00000, 0x0000000084f00000| Untracked 
|   4|0x0000000085000000, 0x0000000085000000, 0x0000000085100000|  0%| F|  |TAMS 0x0000000085000000, 0x0000000085000000| Untracked 
|   5|0x0000000085100000, 0x0000000085100000, 0x0000000085200000|  0%| F|  |TAMS 0x0000000085100000, 0x0000000085100000| Untracked 
|   6|0x0000000085200000, 0x0000000085200000, 0x0000000085300000|  0%| F|  |TAMS 0x0000000085200000, 0x0000000085200000| Untracked 
|   7|0x0000000085300000, 0x0000000085400000, 0x0000000085400000|100%| S|CS|TAMS 0x0000000085300000, 0x0000000085300000| Complete 
|   8|0x0000000085400000, 0x0000000085400000, 0x0000000085500000|  0%| F|  |TAMS 0x0000000085400000, 0x0000000085400000| Untracked 
|   9|0x0000000085500000, 0x0000000085582bf0, 0x0000000085600000| 51%| E|  |TAMS 0x0000000085500000, 0x0000000085500000| Complete 
|  10|0x0000000085600000, 0x0000000085700000, 0x0000000085700000|100%| E|CS|TAMS 0x0000000085600000, 0x0000000085600000| Complete 

Card table byte_map: [0x0000013cfc4b0000,0x0000013cfc890000] _byte_map_base: 0x0000013cfc08a000

Marking Bits (Prev, Next): (CMBitMap*) 0x0000013cfbd18a90, (CMBitMap*) 0x0000013cfbd18ad0
 Prev Bits: [0x0000013cfcc70000, 0x0000013cfeb40000)
 Next Bits: [0x0000013c967f0000, 0x0000013c986c0000)

Polling page: 0x0000013cf99d0000

Metaspace:

Usage:
  Non-class:      2.44 MB used.
      Class:    315.39 KB used.
       Both:      2.75 MB used.

Virtual space:
  Non-class space:       64.00 MB reserved,       2.56 MB (  4%) committed,  1 nodes.
      Class space:        1.00 GB reserved,     448.00 KB ( <1%) committed,  1 nodes.
             Both:        1.06 GB reserved,       3.00 MB ( <1%) committed. 

Chunk freelists:
   Non-Class:  11.14 MB
       Class:  15.51 MB
        Both:  26.65 MB

MaxMetaspaceSize: unlimited
CompressedClassSpaceSize: 1.00 GB
Initial GC threshold: 21.00 MB
Current GC threshold: 21.00 MB
CDS: on
MetaspaceReclaimPolicy: balanced
 - commit_granule_bytes: 65536.
 - commit_granule_words: 8192.
 - virtual_space_node_default_size: 8388608.
 - enlarge_chunks_in_place: 1.
 - new_chunks_are_fully_committed: 0.
 - uncommit_free_chunks: 1.
 - use_allocation_guard: 0.
 - handle_deallocations: 1.


Internal statistics:

num_allocs_failed_limit: 0.
num_arena_births: 274.
num_arena_deaths: 0.
num_vsnodes_births: 2.
num_vsnodes_deaths: 0.
num_space_committed: 48.
num_space_uncommitted: 0.
num_chunks_returned_to_freelist: 0.
num_chunks_taken_from_freelist: 348.
num_chunk_merges: 0.
num_chunk_splits: 195.
num_chunks_enlarged: 70.
num_inconsistent_stats: 0.

CodeHeap 'non-profiled nmethods': size=120000Kb used=360Kb max_used=360Kb free=119639Kb
 bounds [0x0000013c8f2c0000, 0x0000013c8f530000, 0x0000013c967f0000]
CodeHeap 'profiled nmethods': size=120000Kb used=1865Kb max_used=1865Kb free=118135Kb
 bounds [0x0000013c877f0000, 0x0000013c87a60000, 0x0000013c8ed20000]
CodeHeap 'non-nmethods': size=5760Kb used=1141Kb max_used=1157Kb free=4618Kb
 bounds [0x0000013c8ed20000, 0x0000013c8ef90000, 0x0000013c8f2c0000]
 total_blobs=1560 nmethods=1145 adapters=328
 compilation: enabled
              stopped_count=0, restarted_count=0
 full_count=0

Compilation events (20 events):
Event: 2.494 Thread 0x0000013c9a831ae0 nmethod 1119 0x0000013c879a2190 code [0x0000013c879a2360, 0x0000013c879a2858]
Event: 2.494 Thread 0x0000013c9a831ae0 1116       3       java.util.regex.Matcher::find (69 bytes)
Event: 2.494 Thread 0x0000013c9a831ae0 nmethod 1116 0x0000013c879a2a90 code [0x0000013c879a2c40, 0x0000013c879a2f48]
Event: 2.494 Thread 0x0000013c9a831ae0 1120       3       java.util.TreeMap::colorOf (13 bytes)
Event: 2.494 Thread 0x0000013c9a831ae0 nmethod 1120 0x0000013c879a3090 code [0x0000013c879a3220, 0x0000013c879a3378]
Event: 2.494 Thread 0x0000013c9a831ae0 1121       3       java.util.regex.Pattern::isSupplementary (21 bytes)
Event: 2.494 Thread 0x0000013c9a831ae0 nmethod 1121 0x0000013c879a3410 code [0x0000013c879a35c0, 0x0000013c879a3838]
Event: 2.494 Thread 0x0000013c9a831ae0 1122       3       java.lang.Character::isSurrogate (18 bytes)
Event: 2.495 Thread 0x0000013c9a831ae0 nmethod 1122 0x0000013c879a3910 code [0x0000013c879a3aa0, 0x0000013c879a3c38]
Event: 2.495 Thread 0x0000013c9a831ae0 1123       3       java.lang.String::checkIndex (48 bytes)
Event: 2.496 Thread 0x0000013c9a831ae0 nmethod 1123 0x0000013c879a3d10 code [0x0000013c879a3f60, 0x0000013c879a46d8]
Event: 2.496 Thread 0x0000013c9a831ae0 1124       3       java.util.TreeMap::put (221 bytes)
Event: 2.497 Thread 0x0000013c9a831ae0 nmethod 1124 0x0000013c879a4a10 code [0x0000013c879a4c60, 0x0000013c879a5868]
Event: 2.497 Thread 0x0000013c9a831ae0 1127       3       java.lang.StringBuilder::append (10 bytes)
Event: 2.497 Thread 0x0000013c9a831ae0 nmethod 1127 0x0000013c879a5b90 code [0x0000013c879a5d20, 0x0000013c879a5e68]
Event: 2.497 Thread 0x0000013c9a831ae0 1128       3       java.lang.AbstractStringBuilder::append (63 bytes)
Event: 2.498 Thread 0x0000013c9a831ae0 nmethod 1128 0x0000013c879a5f10 code [0x0000013c879a6100, 0x0000013c879a6668]
Event: 2.498 Thread 0x0000013c9a831ae0 1125       3       java.lang.StringBuilder::length (5 bytes)
Event: 2.498 Thread 0x0000013c9a831ae0 nmethod 1125 0x0000013c879a6810 code [0x0000013c879a69a0, 0x0000013c879a6ab8]
Event: 2.498 Thread 0x0000013c9a831ae0 1126       3       jdk.tools.jlink.internal.ImageResourcesTree$Node::getPath (15 bytes)

GC Heap History (16 events):
Event: 0.644 GC heap before
{Heap before GC invocations=0 (full 0):
 garbage-first heap   total 8192K, used 3072K [0x0000000084c00000, 0x0000000100000000)
  region size 1024K, 3 young (3072K), 0 survivors (0K)
 Metaspace       used 1597K, committed 1792K, reserved 1114112K
  class space    used 165K, committed 256K, reserved 1048576K
}
Event: 0.655 GC heap after
{Heap after GC invocations=1 (full 0):
 garbage-first heap   total 8192K, used 1120K [0x0000000084c00000, 0x0000000100000000)
  region size 1024K, 1 young (1024K), 1 survivors (1024K)
 Metaspace       used 1597K, committed 1792K, reserved 1114112K
  class space    used 165K, committed 256K, reserved 1048576K
}
Event: 1.761 GC heap before
{Heap before GC invocations=1 (full 0):
 garbage-first heap   total 8192K, used 2144K [0x0000000084c00000, 0x0000000100000000)
  region size 1024K, 2 young (2048K), 1 survivors (1024K)
 Metaspace       used 1866K, committed 1984K, reserved 1114112K
  class space    used 199K, committed 256K, reserved 1048576K
}
Event: 1.766 GC heap after
{Heap after GC invocations=2 (full 0):
 garbage-first heap   total 8192K, used 1566K [0x0000000084c00000, 0x0000000100000000)
  region size 1024K, 1 young (1024K), 1 survivors (1024K)
 Metaspace       used 1866K, committed 1984K, reserved 1114112K
  class space    used 199K, committed 256K, reserved 1048576K
}
Event: 1.863 GC heap before
{Heap before GC invocations=2 (full 0):
 garbage-first heap   total 8192K, used 2590K [0x0000000084c00000, 0x0000000100000000)
  region size 1024K, 2 young (2048K), 1 survivors (1024K)
 Metaspace       used 2001K, committed 2112K, reserved 1114112K
  class space    used 216K, committed 256K, reserved 1048576K
}
Event: 1.866 GC heap after
{Heap after GC invocations=3 (full 0):
 garbage-first heap   total 8192K, used 2406K [0x0000000084c00000, 0x0000000100000000)
  region size 1024K, 1 young (1024K), 1 survivors (1024K)
 Metaspace       used 2001K, committed 2112K, reserved 1114112K
  class space    used 216K, committed 256K, reserved 1048576K
}
Event: 1.946 GC heap before
{Heap before GC invocations=3 (full 0):
 garbage-first heap   total 8192K, used 3430K [0x0000000084c00000, 0x0000000100000000)
  region size 1024K, 2 young (2048K), 1 survivors (1024K)
 Metaspace       used 2189K, committed 2368K, reserved 1114112K
  class space    used 237K, committed 320K, reserved 1048576K
}
Event: 1.952 GC heap after
{Heap after GC invocations=4 (full 0):
 garbage-first heap   total 8192K, used 2940K [0x0000000084c00000, 0x0000000100000000)
  region size 1024K, 1 young (1024K), 1 survivors (1024K)
 Metaspace       used 2189K, committed 2368K, reserved 1114112K
  class space    used 237K, committed 320K, reserved 1048576K
}
Event: 2.092 GC heap before
{Heap before GC invocations=4 (full 0):
 garbage-first heap   total 8192K, used 3964K [0x0000000084c00000, 0x0000000100000000)
  region size 1024K, 2 young (2048K), 1 survivors (1024K)
 Metaspace       used 2304K, committed 2496K, reserved 1114112K
  class space    used 252K, committed 384K, reserved 1048576K
}
Event: 2.094 GC heap after
{Heap after GC invocations=5 (full 0):
 garbage-first heap   total 8192K, used 2980K [0x0000000084c00000, 0x0000000100000000)
  region size 1024K, 1 young (1024K), 1 survivors (1024K)
 Metaspace       used 2304K, committed 2496K, reserved 1114112K
  class space    used 252K, committed 384K, reserved 1048576K
}
Event: 2.153 GC heap before
{Heap before GC invocations=5 (full 0):
 garbage-first heap   total 8192K, used 4004K [0x0000000084c00000, 0x0000000100000000)
  region size 1024K, 2 young (2048K), 1 survivors (1024K)
 Metaspace       used 2481K, committed 2816K, reserved 1114112K
  class space    used 285K, committed 448K, reserved 1048576K
}
Event: 2.157 GC heap after
{Heap after GC invocations=6 (full 0):
 garbage-first heap   total 11264K, used 3052K [0x0000000084c00000, 0x0000000100000000)
  region size 1024K, 1 young (1024K), 1 survivors (1024K)
 Metaspace       used 2481K, committed 2816K, reserved 1114112K
  class space    used 285K, committed 448K, reserved 1048576K
}
Event: 2.278 GC heap before
{Heap before GC invocations=6 (full 0):
 garbage-first heap   total 11264K, used 5100K [0x0000000084c00000, 0x0000000100000000)
  region size 1024K, 3 young (3072K), 1 survivors (1024K)
 Metaspace       used 2611K, committed 2880K, reserved 1114112K
  class space    used 299K, committed 448K, reserved 1048576K
}
Event: 2.282 GC heap after
{Heap after GC invocations=7 (full 0):
 garbage-first heap   total 11264K, used 3207K [0x0000000084c00000, 0x0000000100000000)
  region size 1024K, 1 young (1024K), 1 survivors (1024K)
 Metaspace       used 2611K, committed 2880K, reserved 1114112K
  class space    used 299K, committed 448K, reserved 1048576K
}
Event: 2.412 GC heap before
{Heap before GC invocations=7 (full 0):
 garbage-first heap   total 11264K, used 5255K [0x0000000084c00000, 0x0000000100000000)
  region size 1024K, 3 young (3072K), 1 survivors (1024K)
 Metaspace       used 2701K, committed 3008K, reserved 1114112K
  class space    used 312K, committed 448K, reserved 1048576K
}
Event: 2.415 GC heap after
{Heap after GC invocations=8 (full 0):
 garbage-first heap   total 11264K, used 3890K [0x0000000084c00000, 0x0000000100000000)
  region size 1024K, 1 young (1024K), 1 survivors (1024K)
 Metaspace       used 2701K, committed 3008K, reserved 1114112K
  class space    used 312K, committed 448K, reserved 1048576K
}

Deoptimization events (20 events):
Event: 2.028 Thread 0x0000013cfbcbf000 Uncommon trap: trap_request=0xffffffde fr.pc=0x0000013c8f2fd7b4 relative=0x0000000000000114
Event: 2.028 Thread 0x0000013cfbcbf000 Uncommon trap: reason=class_check action=maybe_recompile pc=0x0000013c8f2fd7b4 method=jdk.internal.misc.Unsafe.allocateUninitializedArray(Ljava/lang/Class;I)Ljava/lang/Object; @ 51 c2
Event: 2.028 Thread 0x0000013cfbcbf000 DEOPT PACKING pc=0x0000013c8f2fd7b4 sp=0x00000001006fed90
Event: 2.028 Thread 0x0000013cfbcbf000 DEOPT UNPACKING pc=0x0000013c8ed75ba3 sp=0x00000001006fed18 mode 2
Event: 2.028 Thread 0x0000013cfbcbf000 Uncommon trap: trap_request=0xffffffde fr.pc=0x0000013c8f2fd7b4 relative=0x0000000000000114
Event: 2.028 Thread 0x0000013cfbcbf000 Uncommon trap: reason=class_check action=maybe_recompile pc=0x0000013c8f2fd7b4 method=jdk.internal.misc.Unsafe.allocateUninitializedArray(Ljava/lang/Class;I)Ljava/lang/Object; @ 51 c2
Event: 2.028 Thread 0x0000013cfbcbf000 DEOPT PACKING pc=0x0000013c8f2fd7b4 sp=0x00000001006fed90
Event: 2.028 Thread 0x0000013cfbcbf000 DEOPT UNPACKING pc=0x0000013c8ed75ba3 sp=0x00000001006fed18 mode 2
Event: 2.028 Thread 0x0000013cfbcbf000 Uncommon trap: trap_request=0xffffffde fr.pc=0x0000013c8f2fd7b4 relative=0x0000000000000114
Event: 2.028 Thread 0x0000013cfbcbf000 Uncommon trap: reason=class_check action=maybe_recompile pc=0x0000013c8f2fd7b4 method=jdk.internal.misc.Unsafe.allocateUninitializedArray(Ljava/lang/Class;I)Ljava/lang/Object; @ 51 c2
Event: 2.028 Thread 0x0000013cfbcbf000 DEOPT PACKING pc=0x0000013c8f2fd7b4 sp=0x00000001006fec80
Event: 2.028 Thread 0x0000013cfbcbf000 DEOPT UNPACKING pc=0x0000013c8ed75ba3 sp=0x00000001006fec08 mode 2
Event: 2.028 Thread 0x0000013cfbcbf000 Uncommon trap: trap_request=0xffffffde fr.pc=0x0000013c8f2fd7b4 relative=0x0000000000000114
Event: 2.028 Thread 0x0000013cfbcbf000 Uncommon trap: reason=class_check action=maybe_recompile pc=0x0000013c8f2fd7b4 method=jdk.internal.misc.Unsafe.allocateUninitializedArray(Ljava/lang/Class;I)Ljava/lang/Object; @ 51 c2
Event: 2.028 Thread 0x0000013cfbcbf000 DEOPT PACKING pc=0x0000013c8f2fd7b4 sp=0x00000001006fed90
Event: 2.028 Thread 0x0000013cfbcbf000 DEOPT UNPACKING pc=0x0000013c8ed75ba3 sp=0x00000001006fed18 mode 2
Event: 2.248 Thread 0x0000013cfbcbf000 Uncommon trap: trap_request=0xffffff3d fr.pc=0x0000013c8f2ef67c relative=0x0000000000000b1c
Event: 2.248 Thread 0x0000013cfbcbf000 Uncommon trap: reason=unstable_fused_if action=reinterpret pc=0x0000013c8f2ef67c method=java.util.HashMap.resize()[Ljava/util/HashMap$Node; @ 31 c2
Event: 2.248 Thread 0x0000013cfbcbf000 DEOPT PACKING pc=0x0000013c8f2ef67c sp=0x00000001006fde90
Event: 2.248 Thread 0x0000013cfbcbf000 DEOPT UNPACKING pc=0x0000013c8ed75ba3 sp=0x00000001006fde18 mode 2

Classes unloaded (0 events):
No events

Classes redefined (0 events):
No events

Internal exceptions (20 events):
Event: 2.052 Thread 0x0000013cfbcbf000 Exception <a 'java/lang/NoSuchMethodError'{0x00000000853ce110}: 'java.lang.Object java.lang.invoke.DirectMethodHandle$Holder.invokeSpecial(java.lang.Object, java.lang.Object, java.lang.Object, java.lang.Object, java.lang.Object, java.lang.Object, java.lang.Object, java.lang.Object, java.lang.Object)'> (0x00000000853ce110) 
thrown [s\open\src\hotspot\share\interpreter\linkResolver.cpp, line 759]
Event: 2.053 Thread 0x0000013cfbcbf000 Exception <a 'java/lang/NoSuchMethodError'{0x00000000853d6240}: 'java.lang.Object java.lang.invoke.DirectMethodHandle$Holder.invokeSpecial(java.lang.Object, java.lang.Object, java.lang.Object, double)'> (0x00000000853d6240) 
thrown [s\open\src\hotspot\share\interpreter\linkResolver.cpp, line 759]
Event: 2.077 Thread 0x0000013cfbcbf000 Exception <a 'java/lang/NoSuchMethodError'{0x00000000853e4a50}: 'java.lang.Object java.lang.invoke.DirectMethodHandle$Holder.invokeSpecial(java.lang.Object, java.lang.Object, java.lang.Object, int, java.lang.Object)'> (0x00000000853e4a50) 
thrown [s\open\src\hotspot\share\interpreter\linkResolver.cpp, line 759]
Event: 2.097 Thread 0x0000013cfbcbf000 Exception <a 'java/lang/NoSuchMethodError'{0x0000000085304fb0}: 'java.lang.Object java.lang.invoke.DirectMethodHandle$Holder.invokeSpecial(java.lang.Object, java.lang.Object, java.lang.Object, long, long)'> (0x0000000085304fb0) 
thrown [s\open\src\hotspot\share\interpreter\linkResolver.cpp, line 759]
Event: 2.117 Thread 0x0000013cfbcbf000 Exception <a 'java/lang/NoSuchMethodError'{0x000000008534a200}: 'int java.lang.invoke.DirectMethodHandle$Holder.invokeSpecial(java.lang.Object, java.lang.Object, java.lang.Object)'> (0x000000008534a200) 
thrown [s\open\src\hotspot\share\interpreter\linkResolver.cpp, line 759]
Event: 2.120 Thread 0x0000013cfbcbf000 Exception <a 'java/lang/NoSuchMethodError'{0x000000008535e908}: 'int java.lang.invoke.DirectMethodHandle$Holder.invokeSpecial(java.lang.Object, java.lang.Object, java.lang.Object, int)'> (0x000000008535e908) 
thrown [s\open\src\hotspot\share\interpreter\linkResolver.cpp, line 759]
Event: 2.123 Thread 0x0000013cfbcbf000 Exception <a 'java/lang/NoSuchMethodError'{0x0000000085366a40}: 'java.lang.Object java.lang.invoke.DirectMethodHandle$Holder.invokeSpecial(java.lang.Object, java.lang.Object, java.lang.Object, java.lang.Object, java.lang.Object, java.lang.Object, java.lang.Object, java.lang.Object, java.lang.Object, java.lang.Object, java.lang.Object)'> (0x0000000085366a40) 
thrown [s\open\src\hotspot\share\interpreter\linkResolver.cpp, line 759]
Event: 2.125 Thread 0x0000013cfbcbf000 Exception <a 'java/lang/NoSuchMethodError'{0x000000008536f7f0}: 'java.lang.Object java.lang.invoke.DirectMethodHandle$Holder.invokeSpecial(java.lang.Object, java.lang.Object, java.lang.Object, java.lang.Object, java.lang.Object, java.lang.Object, java.lang.Object, java.lang.Object, java.lang.Object, java.lang.Object, java.lang.Object, java.lang.Object)'> (0x000000008536f7f0) 
thrown [s\open\src\hotspot\share\interpreter\linkResolver.cpp, line 759]
Event: 2.126 Thread 0x0000013cfbcbf000 Exception <a 'java/lang/NoSuchMethodError'{0x0000000085378a10}: 'java.lang.Object java.lang.invoke.DirectMethodHandle$Holder.invokeSpecial(java.lang.Object, java.lang.Object, java.lang.Object, java.lang.Object, java.lang.Object, java.lang.Object, java.lang.Object, java.lang.Object, java.lang.Object, java.lang.Object, java.lang.Object, java.lang.Object, java.lang.Object)'> (0x0000000085378a10) 
thrown [s\open\src\hotspot\share\interpreter\linkResolver.cpp, line 759]
Event: 2.127 Thread 0x0000013cfbcbf000 Exception <a 'java/lang/NoSuchMethodError'{0x0000000085381d70}: 'java.lang.Object java.lang.invoke.DirectMethodHandle$Holder.invokeSpecial(java.lang.Object, java.lang.Object, java.lang.Object, java.lang.Object, java.lang.Object, java.lang.Object, java.lang.Object, java.lang.Object, java.lang.Object, java.lang.Object, java.lang.Object, java.lang.Object, java.lang.Object, java.lang.Object)'> (0x0000000085381d70) 
thrown [s\open\src\hotspot\share\interpreter\linkResolver.cpp, line 759]
Event: 2.129 Thread 0x0000013cfbcbf000 Exception <a 'java/lang/NoSuchMethodError'{0x000000008538bb00}: 'java.lang.Object java.lang.invoke.DirectMethodHandle$Holder.invokeSpecial(java.lang.Object, java.lang.Object, java.lang.Object, java.lang.Object, java.lang.Object, java.lang.Object, java.lang.Object, java.lang.Object, java.lang.Object, java.lang.Object, java.lang.Object, java.lang.Object, java.lang.Object, java.lang.Object, java.lang.Object)'> (0x000000008538bb00) 
thrown [s\open\src\hotspot\share\interpreter\linkResolver.cpp, line 759]
Event: 2.130 Thread 0x0000013cfbcbf000 Exception <a 'java/lang/NoSuchMethodError'{0x0000000085395c18}: 'java.lang.Object java.lang.invoke.DirectMethodHandle$Holder.invokeSpecial(java.lang.Object, java.lang.Object, java.lang.Object, java.lang.Object, java.lang.Object, java.lang.Object, java.lang.Object, java.lang.Object, java.lang.Object, java.lang.Object, java.lang.Object, java.lang.Object, java.lang.Object, java.lang.Object, java.lang.Object, java.lang.Object)'> (0x0000000085395c18) 
thrown [s\open\src\hotspot\share\interpreter\linkResolver.cp
Event: 2.136 Thread 0x0000013cfbcbf000 Exception <a 'java/lang/NoSuchMethodError'{0x00000000853b1208}: 'java.lang.Object java.lang.invoke.DirectMethodHandle$Holder.invokeSpecial(java.lang.Object, java.lang.Object, java.lang.Object, java.lang.Object, double)'> (0x00000000853b1208) 
thrown [s\open\src\hotspot\share\interpreter\linkResolver.cpp, line 759]
Event: 2.143 Thread 0x0000013cfbcbf000 Exception <a 'java/lang/NoSuchMethodError'{0x00000000853c0470}: 'java.lang.Object java.lang.invoke.DirectMethodHandle$Holder.invokeSpecial(java.lang.Object, java.lang.Object, java.lang.Object, java.lang.Object, java.lang.Object, long)'> (0x00000000853c0470) 
thrown [s\open\src\hotspot\share\interpreter\linkResolver.cpp, line 759]
Event: 2.144 Thread 0x0000013cfbcbf000 Exception <a 'java/lang/NoSuchMethodError'{0x00000000853cb9f0}: 'java.lang.Object java.lang.invoke.DirectMethodHandle$Holder.invokeSpecial(java.lang.Object, java.lang.Object, java.lang.Object, java.lang.Object, java.lang.Object, java.lang.Object, java.lang.Object, java.lang.Object, java.lang.Object, java.lang.Object)'> (0x00000000853cb9f0) 
thrown [s\open\src\hotspot\share\interpreter\linkResolver.cpp, line 759]
Event: 2.148 Thread 0x0000013cfbcbf000 Exception <a 'java/lang/NoSuchMethodError'{0x00000000853e59d8}: 'int java.lang.invoke.DirectMethodHandle$Holder.invokeSpecial(java.lang.Object, java.lang.Object, int)'> (0x00000000853e59d8) 
thrown [s\open\src\hotspot\share\interpreter\linkResolver.cpp, line 759]
Event: 2.247 Thread 0x0000013cfbcbf000 Exception <a 'java/lang/NoSuchMethodError'{0x00000000855f0f68}: 'int java.lang.invoke.DirectMethodHandle$Holder.invokeStatic(java.lang.Object, java.lang.Object, java.lang.Object, java.lang.Object)'> (0x00000000855f0f68) 
thrown [s\open\src\hotspot\share\interpreter\linkResolver.cpp, line 759]
Event: 2.309 Thread 0x0000013cfbcbf000 Exception <a 'java/lang/IncompatibleClassChangeError'{0x00000000856471a0}: Found class java.lang.Object, but interface was expected> (0x00000000856471a0) 
thrown [s\open\src\hotspot\share\interpreter\linkResolver.cpp, line 826]
Event: 2.336 Thread 0x0000013cfbcbf000 Exception <a 'java/lang/NoSuchMethodError'{0x00000000856c5a08}: 'void java.lang.invoke.DirectMethodHandle$Holder.invokeStatic(java.lang.Object, java.lang.Object, java.lang.Object, java.lang.Object, java.lang.Object, java.lang.Object, java.lang.Object)'> (0x00000000856c5a08) 
thrown [s\open\src\hotspot\share\interpreter\linkResolver.cpp, line 759]
Event: 2.362 Thread 0x0000013cfbcbf000 Exception <a 'java/lang/NoSuchMethodError'{0x00000000856cd908}: 'java.lang.Object java.lang.invoke.DirectMethodHandle$Holder.newInvokeSpecial(java.lang.Object, java.lang.Object, java.lang.Object, java.lang.Object, java.lang.Object, java.lang.Object)'> (0x00000000856cd908) 
thrown [s\open\src\hotspot\share\interpreter\linkResolver.cpp, line 759]

VM Operations (20 events):
Event: 0.655 Executing VM operation: G1CollectForAllocation done
Event: 1.659 Executing VM operation: Cleanup
Event: 1.659 Executing VM operation: Cleanup done
Event: 1.761 Executing VM operation: G1CollectForAllocation
Event: 1.766 Executing VM operation: G1CollectForAllocation done
Event: 1.863 Executing VM operation: G1CollectForAllocation
Event: 1.866 Executing VM operation: G1CollectForAllocation done
Event: 1.891 Executing VM operation: HandshakeAllThreads
Event: 1.891 Executing VM operation: HandshakeAllThreads done
Event: 1.946 Executing VM operation: G1CollectForAllocation
Event: 1.953 Executing VM operation: G1CollectForAllocation done
Event: 2.091 Executing VM operation: G1CollectForAllocation
Event: 2.095 Executing VM operation: G1CollectForAllocation done
Event: 2.153 Executing VM operation: G1CollectForAllocation
Event: 2.157 Executing VM operation: G1CollectForAllocation done
Event: 2.278 Executing VM operation: G1CollectForAllocation
Event: 2.282 Executing VM operation: G1CollectForAllocation done
Event: 2.411 Executing VM operation: G1CollectForAllocation
Event: 2.415 Executing VM operation: G1CollectForAllocation done
Event: 3.420 Executing VM operation: Cleanup

Events (20 events):
Event: 1.896 loading class java/util/stream/Node$Builder
Event: 1.896 loading class java/util/stream/Node$Builder done
Event: 1.896 loading class java/util/stream/SpinedBuffer
Event: 1.896 loading class java/util/stream/AbstractSpinedBuffer
Event: 1.897 loading class java/util/stream/AbstractSpinedBuffer done
Event: 1.897 loading class java/util/stream/SpinedBuffer done
Event: 1.897 loading class java/util/stream/Nodes$SpinedNodeBuilder done
Event: 1.900 loading class java/io/BufferedReader$1
Event: 1.901 loading class java/io/BufferedReader$1 done
Event: 1.902 loading class java/util/LinkedHashMap$LinkedValues
Event: 1.902 loading class java/util/LinkedHashMap$LinkedValues done
Event: 1.903 loading class java/util/LinkedHashMap$LinkedValueIterator
Event: 1.903 loading class java/util/LinkedHashMap$LinkedValueIterator done
Event: 2.214 Thread 0x0000013c9adb61f0 Thread added: 0x0000013c9adb61f0
Event: 2.242 loading class jdk/internal/module/ModuleInfo$DataInputWrapper
Event: 2.242 loading class jdk/internal/module/ModuleInfo$DataInputWrapper done
Event: 2.332 loading class java/util/Formatter$FixedString
Event: 2.334 loading class java/util/Formatter$FixedString done
Event: 2.420 loading class java/util/ComparableTimSort
Event: 2.421 loading class java/util/ComparableTimSort done


Dynamic libraries:
0x00007ff6a2c10000 - 0x00007ff6a2c18000 	C:\Program Files\Java\jdk-17\bin\jlink.exe
0x00007fffa7920000 - 0x00007fffa7b83000 	C:\WINDOWS\SYSTEM32\ntdll.dll
0x00007fffa73a0000 - 0x00007fffa7467000 	C:\WINDOWS\System32\KERNEL32.DLL
0x00007fffa4ef0000 - 0x00007fffa52b7000 	C:\WINDOWS\System32\KERNELBASE.dll
0x00007fffa52c0000 - 0x00007fffa540c000 	C:\WINDOWS\System32\ucrtbase.dll
0x00007fff99b50000 - 0x00007fff99b6b000 	C:\Program Files\Java\jdk-17\bin\VCRUNTIME140.dll
0x00007fff99c60000 - 0x00007fff99c79000 	C:\Program Files\Java\jdk-17\bin\jli.dll
0x00007fffa7490000 - 0x00007fffa7544000 	C:\WINDOWS\System32\ADVAPI32.dll
0x00007fffa77b0000 - 0x00007fffa7859000 	C:\WINDOWS\System32\msvcrt.dll
0x00007fffa7590000 - 0x00007fffa7636000 	C:\WINDOWS\System32\sechost.dll
0x00007fffa6fb0000 - 0x00007fffa70c6000 	C:\WINDOWS\System32\RPCRT4.dll
0x00007fffa6780000 - 0x00007fffa6949000 	C:\WINDOWS\System32\USER32.dll
0x00007fffa5670000 - 0x00007fffa5697000 	C:\WINDOWS\System32\win32u.dll
0x00007fffa7690000 - 0x00007fffa76ba000 	C:\WINDOWS\System32\GDI32.dll
0x00007fff84930000 - 0x00007fff84bc0000 	C:\WINDOWS\WinSxS\amd64_microsoft.windows.common-controls_6595b64144ccf1df_6.0.26100.3037_none_3e09262ce333c378\COMCTL32.dll
0x00007fffa5540000 - 0x00007fffa566b000 	C:\WINDOWS\System32\gdi32full.dll
0x00007fffa4e40000 - 0x00007fffa4ee3000 	C:\WINDOWS\System32\msvcp_win.dll
0x00007fff928b0000 - 0x00007fff928bb000 	C:\WINDOWS\SYSTEM32\VERSION.dll
0x00007fffa7550000 - 0x00007fffa757f000 	C:\WINDOWS\System32\IMM32.DLL
0x00007fff9b3f0000 - 0x00007fff9b3fc000 	C:\Program Files\Java\jdk-17\bin\vcruntime140_1.dll
0x00007fff901b0000 - 0x00007fff9023e000 	C:\Program Files\Java\jdk-17\bin\msvcp140.dll
0x00007fff889b0000 - 0x00007fff89590000 	C:\Program Files\Java\jdk-17\bin\server\jvm.dll
0x00007fffa5ca0000 - 0x00007fffa5ca8000 	C:\WINDOWS\System32\PSAPI.DLL
0x00007fff97a80000 - 0x00007fff97ab6000 	C:\WINDOWS\SYSTEM32\WINMM.dll
0x00007fff7cff0000 - 0x00007fff7cffa000 	C:\WINDOWS\SYSTEM32\WSOCK32.dll
0x00007fffa70d0000 - 0x00007fffa7144000 	C:\WINDOWS\System32\WS2_32.dll
0x00007fffa3ab0000 - 0x00007fffa3aca000 	C:\WINDOWS\SYSTEM32\kernel.appcore.dll
0x00007fff9b370000 - 0x00007fff9b37a000 	C:\Program Files\Java\jdk-17\bin\jimage.dll
0x00007fffa24d0000 - 0x00007fffa2711000 	C:\WINDOWS\SYSTEM32\DBGHELP.DLL
0x00007fffa57e0000 - 0x00007fffa5b5e000 	C:\WINDOWS\System32\combase.dll
0x00007fffa6950000 - 0x00007fffa6a26000 	C:\WINDOWS\System32\OLEAUT32.dll
0x00007fff6b000000 - 0x00007fff6b039000 	C:\WINDOWS\SYSTEM32\dbgcore.DLL
0x00007fffa54a0000 - 0x00007fffa5539000 	C:\WINDOWS\System32\bcryptPrimitives.dll
0x00007fff8fe50000 - 0x00007fff8fe75000 	C:\Program Files\Java\jdk-17\bin\java.dll
0x00007fff8fc60000 - 0x00007fff8fd37000 	C:\Program Files\Java\jdk-17\bin\jsvml.dll
0x00007fffa5cb0000 - 0x00007fffa63b4000 	C:\WINDOWS\System32\SHELL32.dll
0x00007fffa2980000 - 0x00007fffa31b7000 	C:\WINDOWS\SYSTEM32\windows.storage.dll
0x00007fffa76c0000 - 0x00007fffa77a9000 	C:\WINDOWS\System32\SHCORE.dll
0x00007fffa7860000 - 0x00007fffa78bd000 	C:\WINDOWS\System32\shlwapi.dll
0x00007fffa4bd0000 - 0x00007fffa4bfe000 	C:\WINDOWS\SYSTEM32\profapi.dll
0x00007fff916f0000 - 0x00007fff91709000 	C:\Program Files\Java\jdk-17\bin\net.dll
0x00007fff9b7c0000 - 0x00007fff9b8de000 	C:\WINDOWS\SYSTEM32\WINHTTP.dll
0x00007fffa3fa0000 - 0x00007fffa400a000 	C:\WINDOWS\system32\mswsock.dll
0x00007fff90190000 - 0x00007fff901a6000 	C:\Program Files\Java\jdk-17\bin\nio.dll
0x00007fff999f0000 - 0x00007fff99a08000 	C:\Program Files\Java\jdk-17\bin\zip.dll

dbghelp: loaded successfully - version: 4.0.5 - missing functions: none
symbol engine: initialized successfully - sym options: 0x614 - pdb path: .;C:\Program Files\Java\jdk-17\bin;C:\WINDOWS\SYSTEM32;C:\WINDOWS\WinSxS\amd64_microsoft.windows.common-controls_6595b64144ccf1df_6.0.26100.3037_none_3e09262ce333c378;C:\Program Files\Java\jdk-17\bin\server

VM Arguments:
jvm_args: -Dapplication.home=C:\Program Files\Java\jdk-17 --add-modules=ALL-DEFAULT -Xms8m -Djdk.module.main=jdk.jlink 
java_command: jdk.jlink/jdk.tools.jlink.internal.Main --module-path C:\Users\EWAN PC\.gradle\caches\8.11.1\transforms\037cd0f4269a1ed031357d3da0406fe2-6827b272-2194-4f25-84c2-61d6bfe4a845\transformed\output\temp\jmod --add-modules java.base --output C:\Users\EWAN PC\.gradle\caches\8.11.1\transforms\037cd0f4269a1ed031357d3da0406fe2-6827b272-2194-4f25-84c2-61d6bfe4a845\transformed\output\jdkImage --disable-plugin system-modules
java_class_path (initial): <not set>
Launcher Type: SUN_STANDARD

[Global flags]
     intx CICompilerCount                          = 4                                         {product} {ergonomic}
     uint ConcGCThreads                            = 2                                         {product} {ergonomic}
     uint G1ConcRefinementThreads                  = 8                                         {product} {ergonomic}
   size_t G1HeapRegionSize                         = 1048576                                   {product} {ergonomic}
    uintx GCDrainStackTargetSize                   = 64                                        {product} {ergonomic}
   size_t InitialHeapSize                          = 8388608                                   {product} {command line}
   size_t MarkStackSize                            = 4194304                                   {product} {ergonomic}
   size_t MaxHeapSize                              = 2067791872                                {product} {ergonomic}
   size_t MaxNewSize                               = 1240465408                                {product} {ergonomic}
   size_t MinHeapDeltaBytes                        = 1048576                                   {product} {ergonomic}
   size_t MinHeapSize                              = 8388608                                   {product} {command line}
    uintx NonNMethodCodeHeapSize                   = 5839372                                {pd product} {ergonomic}
    uintx NonProfiledCodeHeapSize                  = 122909434                              {pd product} {ergonomic}
    uintx ProfiledCodeHeapSize                     = 122909434                              {pd product} {ergonomic}
    uintx ReservedCodeCacheSize                    = 251658240                              {pd product} {ergonomic}
     bool SegmentedCodeCache                       = true                                      {product} {ergonomic}
   size_t SoftMaxHeapSize                          = 2067791872                             {manageable} {ergonomic}
     bool UseCompressedClassPointers               = true                           {product lp64_product} {ergonomic}
     bool UseCompressedOops                        = true                           {product lp64_product} {ergonomic}
     bool UseG1GC                                  = true                                      {product} {ergonomic}
     bool UseLargePagesIndividualAllocation        = false                                  {pd product} {ergonomic}

Logging:
Log output configuration:
 #0: stdout all=warning uptime,level,tags
 #1: stderr all=off uptime,level,tags

Environment Variables:
JAVA_HOME=C:\Program Files\Java\jdk-17
PATH=C:\Program Files\Common Files\Oracle\Java\javapath;D:\Oracle\WINDOWS.X64_213000_db_home\bin;D:\Oracle1\dbhomeXE\bin;C:\Program Files\OpenLogic\jdk-11.0.26.4-hotspot\bin;D:\Oracle\dbhomeXE\bin;D:\Users\Oracle\dbhomeXE\bin;C:\WINDOWS\system32;C:\WINDOWS;C:\WINDOWS\System32\Wbem;C:\WINDOWS\System32\WindowsPowerShell\v1.0\;C:\WINDOWS\System32\OpenSSH\;C:\Program Files (x86)\Microsoft SQL Server\160\Tools\Binn\;C:\Program Files\Microsoft SQL Server\160\Tools\Binn\;C:\Program Files\Microsoft SQL Server\Client SDK\ODBC\170\Tools\Binn\;C:\Program Files\Microsoft SQL Server\160\DTS\Binn\;D:\Java\New Folder\Java\bin;C:\Program Files\Desktop\django-admin;C:\Program Files\Java\jdk-21\bin;D:\Program Files\Java\bin;C:\Program Files\Maven\apache-maven-3.8.8\bin;C:\Program Files\MySQL\MySQL Server 8.0\bin;C:\Program Files\Apache Maven;C:\Program Files\apache-tomcat-9.0.91;C:\Users\EWAN PC\Downloads\apache-maven-3.9.9-bin (4)\apache-maven-3.9.9;C:\Program Files\Javac\jdk-17.0.12\bin;C:\Program Files\nodejs\;C:\Program Files\Git\cmd;C:\Users\EWAN PC\AppData\Local\Microsoft\WindowsApps;C:\Program Files\Azure Data Studio\bin;C:\Program Files\JetBrains\PyCharm Community Edition 2023.3.2\bin;;C:\Program Files\Java\jdk-17\bin;C:\Users\EWAN PC\AppData\Local\Programs\Microsoft VS Code\bin;C:\Users\EWAN PC\AppData\Roaming\npm;C:\Users\EWAN PC\AppData\Local\GitHubDesktop\bin
USERNAME=EWAN PC
OS=Windows_NT
PROCESSOR_IDENTIFIER=Intel64 Family 6 Model 140 Stepping 1, GenuineIntel



---------------  S Y S T E M  ---------------

OS:
 Windows 11 , 64 bit Build 26100 (10.0.26100.3037)
OS uptime: 0 days 11:04 hours
Hyper-V role detected

CPU: total 8 (initial active 8) (4 cores per cpu, 2 threads per core) family 6 model 140 stepping 1 microcode 0x9a, cx8, cmov, fxsr, ht, mmx, 3dnowpref, sse, sse2, sse3, ssse3, sse4.1, sse4.2, popcnt, lzcnt, tsc, tscinvbit, avx, avx2, aes, erms, clmul, bmi1, bmi2, adx, avx512f, avx512dq, avx512cd, avx512bw, avx512vl, sha, fma, vzeroupper, avx512_vpopcntdq, avx512_vpclmulqdq, avx512_vaes, avx512_vnni, clflush, clflushopt, clwb, avx512_vbmi2, avx512_vbmi, hv

Memory: 4k page, system-wide physical 7882M (67M free)
TotalPageFile size 16074M (AvailPageFile size 1M)
current process WorkingSet (physical memory assigned to process): 77M, peak: 80M
current process commit charge ("private bytes"): 119M, peak: 122M

vm_info: Java HotSpot(TM) 64-Bit Server VM (17.0.12+8-LTS-286) for windows-amd64 JRE (17.0.12+8-LTS-286), built on Jun  5 2024 06:46:59 by "mach5one" with MS VC++ 17.6 (VS2022)

END.
