#
# There is insufficient memory for the Java Runtime Environment to continue.
# Native memory allocation (mmap) failed to map 67108864 bytes for G1 virtual space
# Possible reasons:
#   The system is out of physical RAM or swap space
#   The process is running with CompressedOops enabled, and the Java Heap may be blocking the growth of the native heap
# Possible solutions:
#   Reduce memory load on the system
#   Increase physical memory or swap space
#   Check if swap backing store is full
#   Decrease Java heap size (-Xmx/-Xms)
#   Decrease number of Java threads
#   Decrease Java thread stack sizes (-Xss)
#   Set larger code cache with -XX:ReservedCodeCacheSize=
#   JVM is running with Unscaled Compressed Oops mode in which the Java heap is
#     placed in the first 4GB address space. The Java Heap base address is the
#     maximum limit for the native heap growth. Please use -XX:HeapBaseMinAddress
#     to set the Java Heap base and to place the Java Heap above 4GB virtual address.
# This output file may be truncated or incomplete.
#
#  Out of Memory Error (os_windows.cpp:3548), pid=14904, tid=2588
#
# JRE version:  (17.0.12+8) (build )
# Java VM: Java HotSpot(TM) 64-Bit Server VM (17.0.12+8-LTS-286, mixed mode, sharing, tiered, compressed oops, compressed class ptrs, g1 gc, windows-amd64)
# No core dump will be written. Minidumps are not enabled by default on client versions of Windows
#

---------------  S U M M A R Y ------------

Command Line: -Xmx64m -Xms64m -Dorg.gradle.appname=gradlew org.gradle.wrapper.GradleWrapperMain --stop

Host: 11th Gen Intel(R) Core(TM) i5-1135G7 @ 2.40GHz, 8 cores, 7G,  Windows 11 , 64 bit Build 26100 (10.0.26100.3037)
Time: Sun May 18 21:16:08 2025 Sri Lanka Standard Time elapsed time: 1.042192 seconds (0d 0h 0m 1s)

---------------  T H R E A D  ---------------

Current thread (0x00000244dfd3e040):  JavaThread "Unknown thread" [_thread_in_vm, id=2588, stack(0x000000ed07300000,0x000000ed07400000)]

Stack: [0x000000ed07300000,0x000000ed07400000]
Native frames: (J=compiled Java code, j=interpreted, Vv=VM code, C=native code)
V  [jvm.dll+0x67a04a]
V  [jvm.dll+0x7da4ed]
V  [jvm.dll+0x7dbe33]
V  [jvm.dll+0x7dc4a3]
V  [jvm.dll+0x24508f]
V  [jvm.dll+0x677089]
V  [jvm.dll+0x66bd32]
V  [jvm.dll+0x301fa6]
V  [jvm.dll+0x309546]
V  [jvm.dll+0x359d2e]
V  [jvm.dll+0x359f5f]
V  [jvm.dll+0x2d9078]
V  [jvm.dll+0x2d9fe4]
V  [jvm.dll+0x7aca21]
V  [jvm.dll+0x367591]
V  [jvm.dll+0x78b999]
V  [jvm.dll+0x3ec83f]
V  [jvm.dll+0x3ee471]
C  [jli.dll+0x5297]
C  [ucrtbase.dll+0x37b0]
C  [KERNEL32.DLL+0x2e8d7]
C  [ntdll.dll+0xbbf2c]


---------------  P R O C E S S  ---------------

Threads class SMR info:
_java_thread_list=0x00007ff83c867a18, length=0, elements={
}

Java Threads: ( => current thread )

Other Threads:
  0x00000244dfd5f300 GCTaskThread "GC Thread#0" [stack: 0x000000ed07400000,0x000000ed07500000] [id=16172]
  0x00000244dfd60a50 ConcurrentGCThread "G1 Main Marker" [stack: 0x000000ed07500000,0x000000ed07600000] [id=11592]
  0x00000244dfd63140 ConcurrentGCThread "G1 Conc#0" [stack: 0x000000ed07600000,0x000000ed07700000] [id=11224]

[error occurred during error reporting (printing all threads), id 0xc0000005, EXCEPTION_ACCESS_VIOLATION (0xc0000005) at pc=0x00007ff83c099b67]

VM state: not at safepoint (not fully initialized)

VM Mutex/Monitor currently owned by a thread:  ([mutex/lock_event])
[0x00000244dfd3b0a0] Heap_lock - owner thread: 0x00000244dfd3e040

Heap address: 0x00000000fc000000, size: 64 MB, Compressed Oops mode: 32-bit

CDS archive(s) mapped at: [0x0000000000000000-0x0000000000000000-0x0000000000000000), size 0, SharedBaseAddress: 0x0000000800000000, ArchiveRelocationMode: 1.
Narrow klass base: 0x0000000000000000, Narrow klass shift: 0, Narrow klass range: 0x0

GC Precious Log:
<Empty>

Heap:
 garbage-first heap   total 0K, used 0K [0x00000000fc000000, 0x0000000100000000)
  region size 1024K, 0 young (0K), 0 survivors (0K)

[error occurred during error reporting (printing heap information), id 0xc0000005, EXCEPTION_ACCESS_VIOLATION (0xc0000005) at pc=0x00007ff83c483859]

GC Heap History (0 events):
No events

Deoptimization events (0 events):
No events

Classes unloaded (0 events):
No events

Classes redefined (0 events):
No events

Internal exceptions (0 events):
No events

VM Operations (0 events):
No events

Events (1 events):
Event: 0.011 Loaded shared library C:\Program Files\Java\jdk-17\bin\java.dll


Dynamic libraries:
0x00007ff636880000 - 0x00007ff636890000 	C:\Program Files\Java\jdk-17\bin\java.exe
0x00007ff85c060000 - 0x00007ff85c2c3000 	C:\WINDOWS\SYSTEM32\ntdll.dll
0x00007ff859ed0000 - 0x00007ff859f97000 	C:\WINDOWS\System32\KERNEL32.DLL
0x00007ff859ad0000 - 0x00007ff859e97000 	C:\WINDOWS\System32\KERNELBASE.dll
0x00007ff859770000 - 0x00007ff8598bc000 	C:\WINDOWS\System32\ucrtbase.dll
0x00007ff851680000 - 0x00007ff85169b000 	C:\Program Files\Java\jdk-17\bin\VCRUNTIME140.dll
0x00007ff851660000 - 0x00007ff851679000 	C:\Program Files\Java\jdk-17\bin\jli.dll
0x00007ff85b2a0000 - 0x00007ff85b354000 	C:\WINDOWS\System32\ADVAPI32.dll
0x00007ff85bd90000 - 0x00007ff85be39000 	C:\WINDOWS\System32\msvcrt.dll
0x00007ff85b930000 - 0x00007ff85b9d6000 	C:\WINDOWS\System32\sechost.dll
0x00007ff85b6e0000 - 0x00007ff85b7f6000 	C:\WINDOWS\System32\RPCRT4.dll
0x00007ff85ba40000 - 0x00007ff85bc09000 	C:\WINDOWS\System32\USER32.dll
0x00007ff859aa0000 - 0x00007ff859ac7000 	C:\WINDOWS\System32\win32u.dll
0x00007ff838ef0000 - 0x00007ff839180000 	C:\WINDOWS\WinSxS\amd64_microsoft.windows.common-controls_6595b64144ccf1df_6.0.26100.3037_none_3e09262ce333c378\COMCTL32.dll
0x00007ff859ea0000 - 0x00007ff859eca000 	C:\WINDOWS\System32\GDI32.dll
0x00007ff859640000 - 0x00007ff85976b000 	C:\WINDOWS\System32\gdi32full.dll
0x00007ff8599f0000 - 0x00007ff859a93000 	C:\WINDOWS\System32\msvcp_win.dll
0x00007ff846040000 - 0x00007ff84604b000 	C:\WINDOWS\SYSTEM32\VERSION.dll
0x00007ff85aa40000 - 0x00007ff85aa6f000 	C:\WINDOWS\System32\IMM32.DLL
0x00007ff851650000 - 0x00007ff85165c000 	C:\Program Files\Java\jdk-17\bin\vcruntime140_1.dll
0x00007ff8515c0000 - 0x00007ff85164e000 	C:\Program Files\Java\jdk-17\bin\msvcp140.dll
0x00007ff83bdb0000 - 0x00007ff83c990000 	C:\Program Files\Java\jdk-17\bin\server\jvm.dll
0x00007ff85bc90000 - 0x00007ff85bc98000 	C:\WINDOWS\System32\PSAPI.DLL
0x00007ff834e30000 - 0x00007ff834e3a000 	C:\WINDOWS\SYSTEM32\WSOCK32.dll
0x00007ff84ebd0000 - 0x00007ff84ec06000 	C:\WINDOWS\SYSTEM32\WINMM.dll
0x00007ff85bc10000 - 0x00007ff85bc84000 	C:\WINDOWS\System32\WS2_32.dll
0x00007ff8581f0000 - 0x00007ff85820a000 	C:\WINDOWS\SYSTEM32\kernel.appcore.dll
0x00007ff8515b0000 - 0x00007ff8515ba000 	C:\Program Files\Java\jdk-17\bin\jimage.dll
0x00007ff856bd0000 - 0x00007ff856e11000 	C:\WINDOWS\SYSTEM32\DBGHELP.DLL
0x00007ff859fa0000 - 0x00007ff85a31e000 	C:\WINDOWS\System32\combase.dll
0x00007ff85b410000 - 0x00007ff85b4e6000 	C:\WINDOWS\System32\OLEAUT32.dll
0x00007fffea9c0000 - 0x00007fffea9f9000 	C:\WINDOWS\SYSTEM32\dbgcore.DLL
0x00007ff8598c0000 - 0x00007ff859959000 	C:\WINDOWS\System32\bcryptPrimitives.dll
0x00007ff851570000 - 0x00007ff851595000 	C:\Program Files\Java\jdk-17\bin\java.dll

dbghelp: loaded successfully - version: 4.0.5 - missing functions: none
symbol engine: initialized successfully - sym options: 0x614 - pdb path: .;C:\Program Files\Java\jdk-17\bin;C:\WINDOWS\SYSTEM32;C:\WINDOWS\WinSxS\amd64_microsoft.windows.common-controls_6595b64144ccf1df_6.0.26100.3037_none_3e09262ce333c378;C:\Program Files\Java\jdk-17\bin\server

VM Arguments:
jvm_args: -Xmx64m -Xms64m -Dorg.gradle.appname=gradlew 
java_command: org.gradle.wrapper.GradleWrapperMain --stop
java_class_path (initial): C:\Users\EWAN PC\AndroidStudioProjects\FilmFlare\\gradle\wrapper\gradle-wrapper.jar
Launcher Type: SUN_STANDARD

[Global flags]
     intx CICompilerCount                          = 4                                         {product} {ergonomic}
     uint ConcGCThreads                            = 2                                         {product} {ergonomic}
     uint G1ConcRefinementThreads                  = 8                                         {product} {ergonomic}
   size_t G1HeapRegionSize                         = 1048576                                   {product} {ergonomic}
    uintx GCDrainStackTargetSize                   = 64                                        {product} {ergonomic}
   size_t InitialHeapSize                          = 67108864                                  {product} {command line}
   size_t MarkStackSize                            = 4194304                                   {product} {ergonomic}
   size_t MaxHeapSize                              = 67108864                                  {product} {command line}
   size_t MinHeapDeltaBytes                        = 1048576                                   {product} {ergonomic}
   size_t MinHeapSize                              = 67108864                                  {product} {command line}
    uintx NonNMethodCodeHeapSize                   = 5839372                                {pd product} {ergonomic}
    uintx NonProfiledCodeHeapSize                  = 122909434                              {pd product} {ergonomic}
    uintx ProfiledCodeHeapSize                     = 122909434                              {pd product} {ergonomic}
    uintx ReservedCodeCacheSize                    = 251658240                              {pd product} {ergonomic}
     bool SegmentedCodeCache                       = true                                      {product} {ergonomic}
   size_t SoftMaxHeapSize                          = 67108864                               {manageable} {ergonomic}
     bool UseCompressedClassPointers               = true                           {product lp64_product} {ergonomic}
     bool UseCompressedOops                        = true                           {product lp64_product} {ergonomic}
     bool UseG1GC                                  = true                                      {product} {ergonomic}
     bool UseLargePagesIndividualAllocation        = false                                  {pd product} {ergonomic}

Logging:
Log output configuration:
 #0: stdout all=warning uptime,level,tags
 #1: stderr all=off uptime,level,tags

Environment Variables:
JAVA_HOME=C:\Program Files\Java\jdk-17
CLASSPATH=C:\Users\EWAN PC\AndroidStudioProjects\FilmFlare\\gradle\wrapper\gradle-wrapper.jar
PATH=C:\Program Files\Common Files\Oracle\Java\javapath;D:\Oracle\WINDOWS.X64_213000_db_home\bin;D:\Oracle1\dbhomeXE\bin;C:\Program Files\OpenLogic\jdk-11.0.26.4-hotspot\bin;D:\Oracle\dbhomeXE\bin;D:\Users\Oracle\dbhomeXE\bin;C:\WINDOWS\system32;C:\WINDOWS;C:\WINDOWS\System32\Wbem;C:\WINDOWS\System32\WindowsPowerShell\v1.0\;C:\WINDOWS\System32\OpenSSH\;C:\Program Files (x86)\Microsoft SQL Server\160\Tools\Binn\;C:\Program Files\Microsoft SQL Server\160\Tools\Binn\;C:\Program Files\Microsoft SQL Server\Client SDK\ODBC\170\Tools\Binn\;C:\Program Files\Microsoft SQL Server\160\DTS\Binn\;D:\Java\New Folder\Java\bin;C:\Program Files\Desktop\django-admin;C:\Program Files\Java\jdk-21\bin;D:\Program Files\Java\bin;C:\Program Files\Maven\apache-maven-3.8.8\bin;C:\Program Files\MySQL\MySQL Server 8.0\bin;C:\Program Files\Apache Maven;C:\Program Files\apache-tomcat-9.0.91;C:\Users\EWAN PC\Downloads\apache-maven-3.9.9-bin (4)\apache-maven-3.9.9;C:\Program Files\Javac\jdk-17.0.12\bin;C:\Program Files\nodejs\;C:\Program Files\Git\cmd;C:\Users\EWAN PC\AppData\Local\Microsoft\WindowsApps;C:\Program Files\Azure Data Studio\bin;C:\Program Files\JetBrains\PyCharm Community Edition 2023.3.2\bin;;C:\Program Files\Java\jdk-17\bin;C:\Users\EWAN PC\AppData\Local\Programs\Microsoft VS Code\bin;C:\Users\EWAN PC\AppData\Roaming\npm;C:\Users\EWAN PC\AppData\Local\GitHubDesktop\bin
USERNAME=EWAN PC
OS=Windows_NT
PROCESSOR_IDENTIFIER=Intel64 Family 6 Model 140 Stepping 1, GenuineIntel



---------------  S Y S T E M  ---------------

OS:
 Windows 11 , 64 bit Build 26100 (10.0.26100.3037)
OS uptime: 0 days 6:43 hours
Hyper-V role detected

CPU: total 8 (initial active 8) (4 cores per cpu, 2 threads per core) family 6 model 140 stepping 1 microcode 0x9a, cx8, cmov, fxsr, ht, mmx, 3dnowpref, sse, sse2, sse3, ssse3, sse4.1, sse4.2, popcnt, lzcnt, tsc, tscinvbit, avx, avx2, aes, erms, clmul, bmi1, bmi2, adx, avx512f, avx512dq, avx512cd, avx512bw, avx512vl, sha, fma, vzeroupper, avx512_vpopcntdq, avx512_vpclmulqdq, avx512_vaes, avx512_vnni, clflush, clflushopt, clwb, avx512_vbmi2, avx512_vbmi, hv

Memory: 4k page, system-wide physical 7882M (418M free)
TotalPageFile size 16074M (AvailPageFile size 29M)
current process WorkingSet (physical memory assigned to process): 12M, peak: 12M
current process commit charge ("private bytes"): 59M, peak: 123M

vm_info: Java HotSpot(TM) 64-Bit Server VM (17.0.12+8-LTS-286) for windows-amd64 JRE (17.0.12+8-LTS-286), built on Jun  5 2024 06:46:59 by "mach5one" with MS VC++ 17.6 (VS2022)

END.
